SF:lib/models/receipt_record.dart
DA:18,1
DA:31,1
DA:32,1
DA:33,1
DA:34,1
DA:35,1
DA:36,1
DA:37,2
DA:38,2
DA:39,1
DA:40,1
DA:41,2
DA:42,1
DA:47,1
DA:48,1
DA:49,1
DA:50,1
DA:51,1
DA:52,2
DA:53,1
DA:54,1
DA:55,2
DA:56,1
LF:23
LH:23
end_of_record
SF:lib/main.dart
DA:3,0
DA:4,0
DA:8,2
DA:11,1
DA:13,1
DA:15,1
DA:31,1
DA:39,1
DA:52,1
DA:53,1
DA:59,1
DA:60,2
DA:66,2
DA:70,1
DA:78,1
DA:79,1
DA:83,3
DA:86,3
DA:88,1
DA:91,1
DA:106,1
DA:108,1
DA:109,2
DA:110,3
DA:115,1
DA:116,1
LF:26
LH:24
end_of_record
SF:lib/pages/receipt_upload_page.dart
DA:8,1
DA:10,1
DA:11,1
DA:19,1
DA:21,2
DA:22,2
DA:23,2
DA:24,1
DA:27,1
DA:29,1
DA:30,1
DA:33,1
DA:35,1
DA:37,1
DA:39,1
DA:40,0
DA:49,1
DA:50,1
DA:60,1
DA:61,1
DA:70,1
DA:71,1
DA:81,1
DA:82,0
LF:24
LH:22
end_of_record
SF:lib/services/storage_service.dart
DA:11,1
DA:13,0
DA:22,0
DA:29,0
DA:32,0
DA:33,0
DA:34,0
DA:38,0
DA:40,0
DA:49,0
DA:51,0
DA:52,0
DA:54,0
DA:61,0
DA:63,0
DA:64,0
DA:66,0
LF:17
LH:1
end_of_record
SF:lib/pages/receipt_list_page.dart
DA:8,1
DA:10,1
DA:12,1
DA:13,1
DA:19,1
DA:20,0
LF:6
LH:5
end_of_record
SF:lib/services/firestore_service.dart
DA:11,1
DA:13,0
DA:16,0
DA:17,0
DA:24,0
DA:26,0
DA:27,0
DA:29,0
DA:38,0
DA:40,0
DA:41,0
DA:42,0
DA:43,0
DA:44,0
DA:45,0
DA:47,0
DA:55,0
DA:57,0
DA:59,0
DA:66,0
DA:68,0
DA:70,0
LF:22
LH:1
end_of_record
SF:lib/services/auth_service.dart
DA:10,1
DA:12,0
DA:17,0
DA:19,0
DA:20,0
DA:22,0
DA:29,0
DA:30,0
DA:34,0
DA:36,0
DA:38,0
DA:45,0
LF:12
LH:1
end_of_record
